<?xml version="1.0" encoding="UTF-8"?>
<!-- Generated by org.testng.reporters.JUnitReportReporter -->
<testsuite hostname="DESKTOP-PO9H1NL" name="demo.AdvanceReporting" tests="1" failures="0" timestamp="4 Jul 2017 00:43:28 GMT" time="0.015" errors="1">
  <testcase name="verifySeleniumBlog" time="0.015" classname="demo.AdvanceReporting">
    <error type="java.lang.Error" message="Unresolved compilation problems: 
	The method get(Class&lt;AdvanceReporting&gt;) is undefined for the type ExtentReports
	The method init(String, boolean) is undefined for the type ExtentReports
	The method log(LogStatus, String) is undefined for the type ExtentReports
	The method log(LogStatus, String) is undefined for the type ExtentReports
	The method log(LogStatus, String) is undefined for the type ExtentReports
	The method log(LogStatus, String) is undefined for the type ExtentReports
	The method attachScreenshot(String) is undefined for the type ExtentReports
	The method log(LogStatus, String) is undefined for the type ExtentReports
	The method endTest(ExtentTest) in the type ExtentReports is not applicable for the arguments ()
	Syntax error, insert &quot;;&quot; to complete Statement
">
      <![CDATA[java.lang.Error: Unresolved compilation problems: 
	The method get(Class<AdvanceReporting>) is undefined for the type ExtentReports
	The method init(String, boolean) is undefined for the type ExtentReports
	The method log(LogStatus, String) is undefined for the type ExtentReports
	The method log(LogStatus, String) is undefined for the type ExtentReports
	The method log(LogStatus, String) is undefined for the type ExtentReports
	The method log(LogStatus, String) is undefined for the type ExtentReports
	The method attachScreenshot(String) is undefined for the type ExtentReports
	The method log(LogStatus, String) is undefined for the type ExtentReports
	The method endTest(ExtentTest) in the type ExtentReports is not applicable for the arguments ()
	Syntax error, insert ";" to complete Statement

	at demo.AdvanceReporting.verifySeleniumBlog(AdvanceReporting.java:15)
	at sun.reflect.NativeMethodAccessorImpl.invoke0(Native Method)
	at sun.reflect.NativeMethodAccessorImpl.invoke(Unknown Source)
	at sun.reflect.DelegatingMethodAccessorImpl.invoke(Unknown Source)
	at java.lang.reflect.Method.invoke(Unknown Source)
	at org.testng.internal.MethodInvocationHelper.invokeMethod(MethodInvocationHelper.java:86)
	at org.testng.internal.Invoker.invokeMethod(Invoker.java:643)
	at org.testng.internal.Invoker.invokeTestMethod(Invoker.java:820)
	at org.testng.internal.Invoker.invokeTestMethods(Invoker.java:1128)
	at org.testng.internal.TestMethodWorker.invokeTestMethods(TestMethodWorker.java:129)
	at org.testng.internal.TestMethodWorker.run(TestMethodWorker.java:112)
	at org.testng.TestRunner.privateRun(TestRunner.java:782)
	at org.testng.TestRunner.run(TestRunner.java:632)
	at org.testng.SuiteRunner.runTest(SuiteRunner.java:366)
	at org.testng.SuiteRunner.runSequentially(SuiteRunner.java:361)
	at org.testng.SuiteRunner.privateRun(SuiteRunner.java:319)
	at org.testng.SuiteRunner.run(SuiteRunner.java:268)
	at org.testng.SuiteRunnerWorker.runSuite(SuiteRunnerWorker.java:52)
	at org.testng.SuiteRunnerWorker.run(SuiteRunnerWorker.java:86)
	at org.testng.TestNG.runSuitesSequentially(TestNG.java:1244)
	at org.testng.TestNG.runSuitesLocally(TestNG.java:1169)
	at org.testng.TestNG.run(TestNG.java:1064)
	at org.testng.remote.AbstractRemoteTestNG.run(AbstractRemoteTestNG.java:132)
	at org.testng.remote.RemoteTestNG.initAndRun(RemoteTestNG.java:230)
	at org.testng.remote.RemoteTestNG.main(RemoteTestNG.java:76)
]]>
    </error>
  </testcase> <!-- verifySeleniumBlog -->
</testsuite> <!-- demo.AdvanceReporting -->
